2024-11-25 22:21:44.836 +0530 [debug] ([34mconfigs.js[0m) [31mloaded default configs as "{"updates":{"manifest_url":"https://cdn.freshdev.io/assets/fdk/updates.json","period":24},"log":{"level":"info"},"javascript":{"ecma_version":2020},"request":{"timeout":15000},"global_apps":{"enabled":false},"easel":{"enabled":false}}"[0m
2024-11-25 22:21:44.841 +0530 [debug] ([34mfile.js[0m) [31mError while requiring /Users/dchatterjee/.fdk/configs.json: Cannot find module '/Users/dchatterjee/.fdk/configs.json'
Require stack:
- /Users/dchatterjee/.nvm/versions/node/v18.20.3/lib/node_modules/fdk/lib/utils/file.js
- /Users/dchatterjee/.nvm/versions/node/v18.20.3/lib/node_modules/fdk/lib/configs.js
- /Users/dchatterjee/.nvm/versions/node/v18.20.3/lib/node_modules/fdk/lib/logger.js
- /Users/dchatterjee/.nvm/versions/node/v18.20.3/lib/node_modules/fdk/index.js[0m
2024-11-25 22:21:44.841 +0530 [debug] ([34mconfigs.js[0m) [31mloaded global configs as "{}"[0m
2024-11-25 22:21:44.841 +0530 [debug] ([34mfile.js[0m) [31mError while requiring /Users/dchatterjee/workflow-serverless/.fdk/configs.json: Cannot find module '/Users/dchatterjee/workflow-serverless/.fdk/configs.json'
Require stack:
- /Users/dchatterjee/.nvm/versions/node/v18.20.3/lib/node_modules/fdk/lib/utils/file.js
- /Users/dchatterjee/.nvm/versions/node/v18.20.3/lib/node_modules/fdk/lib/configs.js
- /Users/dchatterjee/.nvm/versions/node/v18.20.3/lib/node_modules/fdk/lib/logger.js
- /Users/dchatterjee/.nvm/versions/node/v18.20.3/lib/node_modules/fdk/index.js[0m
2024-11-25 22:21:44.841 +0530 [debug] ([34mfile.js[0m) [31mError while requiring /Users/dchatterjee/workflow-serverless/.fdk/configs.json: Cannot find module '/Users/dchatterjee/workflow-serverless/.fdk/configs.json'
Require stack:
- /Users/dchatterjee/.nvm/versions/node/v18.20.3/lib/node_modules/fdk/lib/utils/file.js
- /Users/dchatterjee/.nvm/versions/node/v18.20.3/lib/node_modules/fdk/lib/configs.js
- /Users/dchatterjee/.nvm/versions/node/v18.20.3/lib/node_modules/fdk/lib/logger.js
- /Users/dchatterjee/.nvm/versions/node/v18.20.3/lib/node_modules/fdk/index.js[0m
2024-11-25 22:21:44.842 +0530 [debug] ([34mconfigs.js[0m) [31mloaded local configs as "{}"[0m
2024-11-25 22:21:44.842 +0530 [debug] ([34mconfigs.js[0m) [31mloaded env configs as "{"updates":{},"log":{},"javascript":{},"request":{"timeout":15000}}"[0m
2024-11-25 22:21:44.842 +0530 [debug] ([34mconfigs.js[0m) [31mloaded resolved configs as "{"updates":{"manifest_url":"https://cdn.freshdev.io/assets/fdk/updates.json","period":24},"log":{"level":"info"},"javascript":{"ecma_version":2020},"request":{"timeout":15000},"global_apps":{"enabled":false},"easel":{"enabled":false}}"[0m
2024-11-25 22:21:44.842 +0530 [debug] ([34mlogger.js[0m) [31mStarting FDK in node v18.20.3 on darwin[0m
2024-11-25 22:21:44.842 +0530 [debug] ([34msequelize.js[0m) [31msetting up sqilite at "/Users/dchatterjee/workflow-serverless/.fdk/store.sqlite"[0m
2024-11-25 22:21:44.842 +0530 [debug] ([34mdata.js[0m) [31mRead {"version_details":{"cli":{"deprecated":{"version":"<9","message":"This FDK version has been deprecated. There will be no further feature updates to this version. For a seamless app-building experience, ensure to move to the latest FDK version. For more information, see https://developers.freshworks.com/docs/app-sdk/v2.3/freshdesk/migration-guide/#migrate-to-the-latest-platform-version."},"forced":{"version":"7.0.0","command":"npm install https://dl.freshdev.io/cli/fdk-7.0.0.tgz -g","message":"Your FDK version has been forced updated to v7.0.0, please visit https://community.developers.freshworks.com/t/fdk-v7-0-announcing-node-js-v12-and-es6-support/3606 to know more"},"latest":{"version":"9.2.0","command":"npm install https://cdn.freshdev.io/fdk/latest.tgz -g","message":"You are on the latest FDK version. For information on the features available as part of this FDK version, see https://developers.freshworks.com/docs/?tab=modules."}},"addon":{"version":"2.0.3","url":"https://cdn.freshdev.io/assets/fdk/addons/addon.zip"}},"last_updated":{"time_stamp":1724840945673}}[0m
2024-11-25 22:21:44.842 +0530 [debug] ([34mupdater.js[0m) [31mlast check more than 24 hours ago, looking for updates again[0m
2024-11-25 22:21:45.260 +0530 [debug] ([34mupdater.js[0m) [31mdownloaded update manifest as {"cli":{"deprecated":{"version":"<9","message":"This FDK version has been deprecated. There will be no further feature updates to this version. For a seamless app-building experience, ensure to move to the latest FDK version. For more information, see https://developers.freshworks.com/docs/app-sdk/v2.3/freshdesk/migration-guide/#migrate-to-the-latest-platform-version."},"forced":{"version":"7.0.0","command":"npm install https://dl.freshdev.io/cli/fdk-7.0.0.tgz -g","message":"Your FDK version has been forced updated to v7.0.0, please visit https://community.developers.freshworks.com/t/fdk-v7-0-announcing-node-js-v12-and-es6-support/3606 to know more"},"latest":{"version":"9.2.1","command":"npm install https://cdn.freshdev.io/fdk/latest.tgz -g","message":"You are on the latest FDK version. For information on the features available as part of this FDK version, see https://developers.freshworks.com/docs/?tab=modules."}},"addon":{"version":"2.0.7","url":"https://cdn.freshdev.io/assets/fdk/addons/addon.zip"}}[0m
2024-11-25 22:21:45.260 +0530 [debug] ([34mdata.js[0m) [31mRead {"version_details":{"cli":{"deprecated":{"version":"<9","message":"This FDK version has been deprecated. There will be no further feature updates to this version. For a seamless app-building experience, ensure to move to the latest FDK version. For more information, see https://developers.freshworks.com/docs/app-sdk/v2.3/freshdesk/migration-guide/#migrate-to-the-latest-platform-version."},"forced":{"version":"7.0.0","command":"npm install https://dl.freshdev.io/cli/fdk-7.0.0.tgz -g","message":"Your FDK version has been forced updated to v7.0.0, please visit https://community.developers.freshworks.com/t/fdk-v7-0-announcing-node-js-v12-and-es6-support/3606 to know more"},"latest":{"version":"9.2.0","command":"npm install https://cdn.freshdev.io/fdk/latest.tgz -g","message":"You are on the latest FDK version. For information on the features available as part of this FDK version, see https://developers.freshworks.com/docs/?tab=modules."}},"addon":{"version":"2.0.3","url":"https://cdn.freshdev.io/assets/fdk/addons/addon.zip"}},"last_updated":{"time_stamp":1724840945673}}[0m
2024-11-25 22:21:47.355 +0530 [debug] ([34mdata.js[0m) [31mRead {"version_details":{"cli":{"deprecated":{"version":"<9","message":"This FDK version has been deprecated. There will be no further feature updates to this version. For a seamless app-building experience, ensure to move to the latest FDK version. For more information, see https://developers.freshworks.com/docs/app-sdk/v2.3/freshdesk/migration-guide/#migrate-to-the-latest-platform-version."},"forced":{"version":"7.0.0","command":"npm install https://dl.freshdev.io/cli/fdk-7.0.0.tgz -g","message":"Your FDK version has been forced updated to v7.0.0, please visit https://community.developers.freshworks.com/t/fdk-v7-0-announcing-node-js-v12-and-es6-support/3606 to know more"},"latest":{"version":"9.2.0","command":"npm install https://cdn.freshdev.io/fdk/latest.tgz -g","message":"You are on the latest FDK version. For information on the features available as part of this FDK version, see https://developers.freshworks.com/docs/?tab=modules."}},"addon":{"version":"2.0.3","url":"https://cdn.freshdev.io/assets/fdk/addons/addon.zip"}},"last_updated":{"time_stamp":1724840945673}}[0m
2024-11-25 22:21:47.357 +0530 [debug] ([34mdata.js[0m) [31mRead {"version_details":{"cli":{"deprecated":{"version":"<9","message":"This FDK version has been deprecated. There will be no further feature updates to this version. For a seamless app-building experience, ensure to move to the latest FDK version. For more information, see https://developers.freshworks.com/docs/app-sdk/v2.3/freshdesk/migration-guide/#migrate-to-the-latest-platform-version."},"forced":{"version":"7.0.0","command":"npm install https://dl.freshdev.io/cli/fdk-7.0.0.tgz -g","message":"Your FDK version has been forced updated to v7.0.0, please visit https://community.developers.freshworks.com/t/fdk-v7-0-announcing-node-js-v12-and-es6-support/3606 to know more"},"latest":{"version":"9.2.1","command":"npm install https://cdn.freshdev.io/fdk/latest.tgz -g","message":"You are on the latest FDK version. For information on the features available as part of this FDK version, see https://developers.freshworks.com/docs/?tab=modules."}},"addon":{"version":"2.0.7","url":"https://cdn.freshdev.io/assets/fdk/addons/addon.zip"}},"last_updated":{"time_stamp":1724840945673}}[0m
2024-11-26 10:36:56.652 +0530 [debug] ([34mconfigs.js[0m) [31mloaded default configs as "{"updates":{"manifest_url":"https://cdn.freshdev.io/assets/fdk/updates.json","period":24},"log":{"level":"info"},"javascript":{"ecma_version":2020},"request":{"timeout":15000},"global_apps":{"enabled":false},"easel":{"enabled":false}}"[0m
2024-11-26 10:36:56.655 +0530 [debug] ([34mfile.js[0m) [31mError while requiring /Users/dchatterjee/.fdk/configs.json: Cannot find module '/Users/dchatterjee/.fdk/configs.json'
Require stack:
- /Users/dchatterjee/.nvm/versions/node/v18.20.3/lib/node_modules/fdk/lib/utils/file.js
- /Users/dchatterjee/.nvm/versions/node/v18.20.3/lib/node_modules/fdk/lib/configs.js
- /Users/dchatterjee/.nvm/versions/node/v18.20.3/lib/node_modules/fdk/lib/logger.js
- /Users/dchatterjee/.nvm/versions/node/v18.20.3/lib/node_modules/fdk/index.js[0m
2024-11-26 10:36:56.655 +0530 [debug] ([34mconfigs.js[0m) [31mloaded global configs as "{}"[0m
2024-11-26 10:36:56.655 +0530 [debug] ([34mconfigs.js[0m) [31mloaded local configs as "{"request":{"timeout":15000}}"[0m
2024-11-26 10:36:56.655 +0530 [debug] ([34mconfigs.js[0m) [31mloaded env configs as "{"updates":{},"log":{},"javascript":{},"request":{"timeout":15000}}"[0m
2024-11-26 10:36:56.656 +0530 [debug] ([34mconfigs.js[0m) [31mloaded resolved configs as "{"updates":{"manifest_url":"https://cdn.freshdev.io/assets/fdk/updates.json","period":24},"log":{"level":"info"},"javascript":{"ecma_version":2020},"request":{"timeout":15000},"global_apps":{"enabled":false},"easel":{"enabled":false}}"[0m
2024-11-26 10:36:56.656 +0530 [debug] ([34mlogger.js[0m) [31mStarting FDK in node v18.20.3 on darwin[0m
2024-11-26 10:36:56.656 +0530 [debug] ([34msequelize.js[0m) [31msetting up sqilite at "/Users/dchatterjee/workflow-serverless/.fdk/store.sqlite"[0m
2024-11-26 10:36:56.656 +0530 [debug] ([34mdata.js[0m) [31mRead {"version_details":{"cli":{"deprecated":{"version":"<9","message":"This FDK version has been deprecated. There will be no further feature updates to this version. For a seamless app-building experience, ensure to move to the latest FDK version. For more information, see https://developers.freshworks.com/docs/app-sdk/v2.3/freshdesk/migration-guide/#migrate-to-the-latest-platform-version."},"forced":{"version":"7.0.0","command":"npm install https://dl.freshdev.io/cli/fdk-7.0.0.tgz -g","message":"Your FDK version has been forced updated to v7.0.0, please visit https://community.developers.freshworks.com/t/fdk-v7-0-announcing-node-js-v12-and-es6-support/3606 to know more"},"latest":{"version":"9.2.1","command":"npm install https://cdn.freshdev.io/fdk/latest.tgz -g","message":"You are on the latest FDK version. For information on the features available as part of this FDK version, see https://developers.freshworks.com/docs/?tab=modules."}},"addon":{"version":"2.0.7","url":"https://cdn.freshdev.io/assets/fdk/addons/addon.zip"}},"last_updated":{"time_stamp":1732553507357}}[0m
2024-11-26 10:36:56.656 +0530 [debug] ([34mupdater.js[0m) [31mlast check less than 24 hours ago, not looking for updates[0m
2024-11-26 10:36:56.661 +0530 [debug] ([34mindex.js[0m) [31mrunning with opts {}[0m
2024-11-26 10:36:56.663 +0530 [debug] ([34mconfig.js[0m) [31m'config set' called with global_apps.enabled, true, {"scope":"local"}[0m
2024-11-26 10:36:56.665 +0530 [info] Config global_apps.enabled was set to value "true" successfully
2024-11-26 10:44:34.714 +0530 [debug] ([34mconfigs.js[0m) [31mloaded default configs as "{"updates":{"manifest_url":"https://cdn.freshdev.io/assets/fdk/updates.json","period":24},"log":{"level":"info"},"javascript":{"ecma_version":2020},"request":{"timeout":15000},"global_apps":{"enabled":false},"easel":{"enabled":false}}"[0m
2024-11-26 10:44:34.717 +0530 [debug] ([34mfile.js[0m) [31mError while requiring /Users/dchatterjee/.fdk/configs.json: Cannot find module '/Users/dchatterjee/.fdk/configs.json'
Require stack:
- /Users/dchatterjee/.nvm/versions/node/v18.20.3/lib/node_modules/fdk/lib/utils/file.js
- /Users/dchatterjee/.nvm/versions/node/v18.20.3/lib/node_modules/fdk/lib/configs.js
- /Users/dchatterjee/.nvm/versions/node/v18.20.3/lib/node_modules/fdk/lib/logger.js
- /Users/dchatterjee/.nvm/versions/node/v18.20.3/lib/node_modules/fdk/index.js[0m
2024-11-26 10:44:34.717 +0530 [debug] ([34mconfigs.js[0m) [31mloaded global configs as "{}"[0m
2024-11-26 10:44:34.717 +0530 [debug] ([34mconfigs.js[0m) [31mloaded local configs as "{"request":{"timeout":15000},"global_apps":{"enabled":"true"}}"[0m
2024-11-26 10:44:34.718 +0530 [debug] ([34mconfigs.js[0m) [31mloaded env configs as "{"updates":{},"log":{},"javascript":{},"request":{"timeout":15000}}"[0m
2024-11-26 10:44:34.718 +0530 [debug] ([34mconfigs.js[0m) [31mloaded resolved configs as "{"updates":{"manifest_url":"https://cdn.freshdev.io/assets/fdk/updates.json","period":24},"log":{"level":"info"},"javascript":{"ecma_version":2020},"request":{"timeout":15000},"global_apps":{"enabled":"true"},"easel":{"enabled":false}}"[0m
2024-11-26 10:44:34.718 +0530 [debug] ([34mlogger.js[0m) [31mStarting FDK in node v18.20.3 on darwin[0m
2024-11-26 10:44:34.718 +0530 [debug] ([34msequelize.js[0m) [31msetting up sqilite at "/Users/dchatterjee/workflow-serverless/.fdk/store.sqlite"[0m
2024-11-26 10:44:34.718 +0530 [debug] ([34mdata.js[0m) [31mRead {"version_details":{"cli":{"deprecated":{"version":"<9","message":"This FDK version has been deprecated. There will be no further feature updates to this version. For a seamless app-building experience, ensure to move to the latest FDK version. For more information, see https://developers.freshworks.com/docs/app-sdk/v2.3/freshdesk/migration-guide/#migrate-to-the-latest-platform-version."},"forced":{"version":"7.0.0","command":"npm install https://dl.freshdev.io/cli/fdk-7.0.0.tgz -g","message":"Your FDK version has been forced updated to v7.0.0, please visit https://community.developers.freshworks.com/t/fdk-v7-0-announcing-node-js-v12-and-es6-support/3606 to know more"},"latest":{"version":"9.2.1","command":"npm install https://cdn.freshdev.io/fdk/latest.tgz -g","message":"You are on the latest FDK version. For information on the features available as part of this FDK version, see https://developers.freshworks.com/docs/?tab=modules."}},"addon":{"version":"2.0.7","url":"https://cdn.freshdev.io/assets/fdk/addons/addon.zip"}},"last_updated":{"time_stamp":1732553507357}}[0m
2024-11-26 10:44:34.718 +0530 [debug] ([34mupdater.js[0m) [31mlast check less than 24 hours ago, not looking for updates[0m
2024-11-26 10:44:34.723 +0530 [debug] ([34mindex.js[0m) [31mrunning with opts {}[0m
2024-11-26 10:44:34.724 +0530 [debug] ([34mconfig.js[0m) [31m'config set' called with global_apps.enabled, true, {"scope":"local"}[0m
2024-11-26 10:44:34.726 +0530 [info] Config global_apps.enabled was set to value "true" successfully
2024-11-26 11:04:37.531 +0530 [debug] ([34mconfigs.js[0m) [31mloaded default configs as "{"updates":{"manifest_url":"https://cdn.freshdev.io/assets/fdk/updates.json","period":24},"log":{"level":"info"},"javascript":{"ecma_version":2020},"request":{"timeout":15000},"global_apps":{"enabled":false},"easel":{"enabled":false}}"[0m
2024-11-26 11:04:37.534 +0530 [debug] ([34mfile.js[0m) [31mError while requiring /Users/dchatterjee/.fdk/configs.json: Cannot find module '/Users/dchatterjee/.fdk/configs.json'
Require stack:
- /Users/dchatterjee/.nvm/versions/node/v18.20.3/lib/node_modules/fdk/lib/utils/file.js
- /Users/dchatterjee/.nvm/versions/node/v18.20.3/lib/node_modules/fdk/lib/configs.js
- /Users/dchatterjee/.nvm/versions/node/v18.20.3/lib/node_modules/fdk/lib/logger.js
- /Users/dchatterjee/.nvm/versions/node/v18.20.3/lib/node_modules/fdk/index.js[0m
2024-11-26 11:04:37.534 +0530 [debug] ([34mconfigs.js[0m) [31mloaded global configs as "{}"[0m
2024-11-26 11:04:37.534 +0530 [debug] ([34mconfigs.js[0m) [31mloaded local configs as "{"request":{"timeout":15000},"global_apps":{"enabled":"true"}}"[0m
2024-11-26 11:04:37.535 +0530 [debug] ([34mconfigs.js[0m) [31mloaded env configs as "{"updates":{},"log":{},"javascript":{},"request":{"timeout":15000}}"[0m
2024-11-26 11:04:37.535 +0530 [debug] ([34mconfigs.js[0m) [31mloaded resolved configs as "{"updates":{"manifest_url":"https://cdn.freshdev.io/assets/fdk/updates.json","period":24},"log":{"level":"info"},"javascript":{"ecma_version":2020},"request":{"timeout":15000},"global_apps":{"enabled":"true"},"easel":{"enabled":false}}"[0m
2024-11-26 11:04:37.535 +0530 [debug] ([34mlogger.js[0m) [31mStarting FDK in node v18.20.3 on darwin[0m
2024-11-26 11:04:37.535 +0530 [debug] ([34msequelize.js[0m) [31msetting up sqilite at "/Users/dchatterjee/workflow-serverless/.fdk/store.sqlite"[0m
2024-11-26 11:04:37.535 +0530 [debug] ([34mdata.js[0m) [31mRead {"version_details":{"cli":{"deprecated":{"version":"<9","message":"This FDK version has been deprecated. There will be no further feature updates to this version. For a seamless app-building experience, ensure to move to the latest FDK version. For more information, see https://developers.freshworks.com/docs/app-sdk/v2.3/freshdesk/migration-guide/#migrate-to-the-latest-platform-version."},"forced":{"version":"7.0.0","command":"npm install https://dl.freshdev.io/cli/fdk-7.0.0.tgz -g","message":"Your FDK version has been forced updated to v7.0.0, please visit https://community.developers.freshworks.com/t/fdk-v7-0-announcing-node-js-v12-and-es6-support/3606 to know more"},"latest":{"version":"9.2.1","command":"npm install https://cdn.freshdev.io/fdk/latest.tgz -g","message":"You are on the latest FDK version. For information on the features available as part of this FDK version, see https://developers.freshworks.com/docs/?tab=modules."}},"addon":{"version":"2.0.7","url":"https://cdn.freshdev.io/assets/fdk/addons/addon.zip"}},"last_updated":{"time_stamp":1732553507357}}[0m
2024-11-26 11:04:37.536 +0530 [debug] ([34mupdater.js[0m) [31mlast check less than 24 hours ago, not looking for updates[0m
2024-11-26 11:04:37.540 +0530 [debug] ([34mindex.js[0m) [31mrunning with opts {}[0m
2024-11-26 11:04:37.541 +0530 [debug] ([34mconfig.js[0m) [31m'config set' called with global_apps.enabled, true, {"scope":"local"}[0m
2024-11-26 11:04:37.543 +0530 [info] Config global_apps.enabled was set to value "true" successfully
2024-11-26 11:12:06.769 +0530 [debug] ([34mconfigs.js[0m) [31mloaded default configs as "{"updates":{"manifest_url":"https://cdn.freshdev.io/assets/fdk/updates.json","period":24},"log":{"level":"info"},"javascript":{"ecma_version":2020},"request":{"timeout":15000},"global_apps":{"enabled":false},"easel":{"enabled":false}}"[0m
2024-11-26 11:12:06.774 +0530 [debug] ([34mfile.js[0m) [31mError while requiring /Users/dchatterjee/.fdk/configs.json: Cannot find module '/Users/dchatterjee/.fdk/configs.json'
Require stack:
- /Users/dchatterjee/.nvm/versions/node/v18.20.3/lib/node_modules/fdk/lib/utils/file.js
- /Users/dchatterjee/.nvm/versions/node/v18.20.3/lib/node_modules/fdk/lib/configs.js
- /Users/dchatterjee/.nvm/versions/node/v18.20.3/lib/node_modules/fdk/lib/logger.js
- /Users/dchatterjee/.nvm/versions/node/v18.20.3/lib/node_modules/fdk/index.js[0m
2024-11-26 11:12:06.774 +0530 [debug] ([34mconfigs.js[0m) [31mloaded global configs as "{}"[0m
2024-11-26 11:12:06.775 +0530 [debug] ([34mconfigs.js[0m) [31mloaded local configs as "{"request":{"timeout":15000},"global_apps":{"enabled":"true"}}"[0m
2024-11-26 11:12:06.775 +0530 [debug] ([34mconfigs.js[0m) [31mloaded env configs as "{"updates":{},"log":{},"javascript":{},"request":{"timeout":15000}}"[0m
2024-11-26 11:12:06.775 +0530 [debug] ([34mconfigs.js[0m) [31mloaded resolved configs as "{"updates":{"manifest_url":"https://cdn.freshdev.io/assets/fdk/updates.json","period":24},"log":{"level":"info"},"javascript":{"ecma_version":2020},"request":{"timeout":15000},"global_apps":{"enabled":"true"},"easel":{"enabled":false}}"[0m
2024-11-26 11:12:06.775 +0530 [debug] ([34mlogger.js[0m) [31mStarting FDK in node v18.20.3 on darwin[0m
2024-11-26 11:12:06.775 +0530 [debug] ([34msequelize.js[0m) [31msetting up sqilite at "/Users/dchatterjee/workflow-serverless/.fdk/store.sqlite"[0m
2024-11-26 11:12:06.775 +0530 [debug] ([34mdata.js[0m) [31mRead {"version_details":{"cli":{"deprecated":{"version":"<9","message":"This FDK version has been deprecated. There will be no further feature updates to this version. For a seamless app-building experience, ensure to move to the latest FDK version. For more information, see https://developers.freshworks.com/docs/app-sdk/v2.3/freshdesk/migration-guide/#migrate-to-the-latest-platform-version."},"forced":{"version":"7.0.0","command":"npm install https://dl.freshdev.io/cli/fdk-7.0.0.tgz -g","message":"Your FDK version has been forced updated to v7.0.0, please visit https://community.developers.freshworks.com/t/fdk-v7-0-announcing-node-js-v12-and-es6-support/3606 to know more"},"latest":{"version":"9.2.1","command":"npm install https://cdn.freshdev.io/fdk/latest.tgz -g","message":"You are on the latest FDK version. For information on the features available as part of this FDK version, see https://developers.freshworks.com/docs/?tab=modules."}},"addon":{"version":"2.0.7","url":"https://cdn.freshdev.io/assets/fdk/addons/addon.zip"}},"last_updated":{"time_stamp":1732553507357}}[0m
2024-11-26 11:12:06.776 +0530 [debug] ([34mupdater.js[0m) [31mlast check less than 24 hours ago, not looking for updates[0m
2024-11-26 11:12:06.780 +0530 [debug] ([34mindex.js[0m) [31mrunning with opts {}[0m
2024-11-26 11:12:06.801 +0530 [debug] ([34mdata.js[0m) [31mRead {"version_details":{"cli":{"deprecated":{"version":"<9","message":"This FDK version has been deprecated. There will be no further feature updates to this version. For a seamless app-building experience, ensure to move to the latest FDK version. For more information, see https://developers.freshworks.com/docs/app-sdk/v2.3/freshdesk/migration-guide/#migrate-to-the-latest-platform-version."},"forced":{"version":"7.0.0","command":"npm install https://dl.freshdev.io/cli/fdk-7.0.0.tgz -g","message":"Your FDK version has been forced updated to v7.0.0, please visit https://community.developers.freshworks.com/t/fdk-v7-0-announcing-node-js-v12-and-es6-support/3606 to know more"},"latest":{"version":"9.2.1","command":"npm install https://cdn.freshdev.io/fdk/latest.tgz -g","message":"You are on the latest FDK version. For information on the features available as part of this FDK version, see https://developers.freshworks.com/docs/?tab=modules."}},"addon":{"version":"2.0.7","url":"https://cdn.freshdev.io/assets/fdk/addons/addon.zip"}},"last_updated":{"time_stamp":1732553507357}}[0m
2024-11-26 11:12:06.804 +0530 [debug] ([34mmanifest.js[0m) [31mReloading manifest with {"platform-version":"3.0","modules":{"common":{"requests":{"send_reminder_email":{},"close_ticket":{}}},"support_ticket":{"events":{"onTicketCreate":{"handler":"onTicketCreateHandler"},"onConversationCreate":{"handler":"onConversationCreateHandler"}}}},"engines":{"node":"18.19.0","fdk":"9.1.0"}}.[0m
2024-11-26 11:12:06.805 +0530 [debug] ([34mmanifest.js[0m) [31mInferred db,backend as features.[0m
2024-11-26 11:12:06.806 +0530 [debug] ([34mdata.js[0m) [31mRead {"version_details":{"cli":{"deprecated":{"version":"<9","message":"This FDK version has been deprecated. There will be no further feature updates to this version. For a seamless app-building experience, ensure to move to the latest FDK version. For more information, see https://developers.freshworks.com/docs/app-sdk/v2.3/freshdesk/migration-guide/#migrate-to-the-latest-platform-version."},"forced":{"version":"7.0.0","command":"npm install https://dl.freshdev.io/cli/fdk-7.0.0.tgz -g","message":"Your FDK version has been forced updated to v7.0.0, please visit https://community.developers.freshworks.com/t/fdk-v7-0-announcing-node-js-v12-and-es6-support/3606 to know more"},"latest":{"version":"9.2.1","command":"npm install https://cdn.freshdev.io/fdk/latest.tgz -g","message":"You are on the latest FDK version. For information on the features available as part of this FDK version, see https://developers.freshworks.com/docs/?tab=modules."}},"addon":{"version":"2.0.7","url":"https://cdn.freshdev.io/assets/fdk/addons/addon.zip"}},"last_updated":{"time_stamp":1732553507357}}[0m
2024-11-26 11:12:08.863 +0530 [debug] ([34mvalidate.js[0m) [31masked to skip the following validations, [0m
2024-11-26 11:12:08.864 +0530 [debug] ([34mvalidate.js[0m) [31mrunning validator actions[0m
2024-11-26 11:12:08.864 +0530 [debug] ([34mvalidate.js[0m) [31mrunning validator requests[0m
2024-11-26 11:12:08.864 +0530 [debug] ([34mrequests.js[0m) [31mvalidating request template for "send_reminder_email"[0m
2024-11-26 11:12:08.865 +0530 [debug] ([34mvalidate.js[0m) [31mrunning validator app-dir[0m
2024-11-26 11:12:08.865 +0530 [debug] ([34mvalidate.js[0m) [31mrunning validator config-dir[0m
2024-11-26 11:12:08.865 +0530 [debug] ([34mconfig-dir.js[0m) [31mChecking to see if /Users/dchatterjee/workflow-serverless/config/ exists.[0m
2024-11-26 11:12:08.865 +0530 [debug] ([34mconfig-dir.js[0m) [31mFetched the following config files iparams.json,requests.json[0m
2024-11-26 11:12:08.865 +0530 [debug] ([34mvalidate.js[0m) [31mrunning validator root-dir[0m
2024-11-26 11:12:08.866 +0530 [debug] ([34mvalidate.js[0m) [31mrunning validator custom-objects[0m
2024-11-26 11:12:08.866 +0530 [debug] ([34mvalidate.js[0m) [31mrunning validator event[0m
2024-11-26 11:12:08.877 +0530 [debug] ([34mevent.js[0m) [31mFound ["onTicketCreateHandler","onConversationCreateHandler","reminderFunction"] as exported functions.[0m
2024-11-26 11:12:08.877 +0530 [debug] ([34mvalidate.js[0m) [31mrunning validator iparam[0m
2024-11-26 11:12:08.880 +0530 [debug] ([34mvalidate.js[0m) [31mrunning validator lint[0m
2024-11-26 11:12:08.880 +0530 [debug] ([34mlint.js[0m) [31mpassed fix flag: undefined[0m
2024-11-26 11:12:08.881 +0530 [debug] ([34mlint.js[0m) [31mRunning the following lints on the file server/server.js : no-caller,no-process-env,complexity,max-nested-callbacks,handle-callback-err,no-eval,no-alert,no-debugger,no-unreachable,no-unpkg-cdn,no-unhandled-promise,no-logging-rejections,no-non-client-request-model,no-deprecated-apis,no-proxy-requests,no-dependency-mismatch,no-empty-function,no-unused-vars[0m
2024-11-26 11:12:08.928 +0530 [debug] ([34mvalidate.js[0m) [31mrunning validator manifest[0m
2024-11-26 11:12:08.928 +0530 [debug] ([34mvalidate.js[0m) [31mrunning validator manifest-dependency[0m
2024-11-26 11:12:08.928 +0530 [debug] ([34mvalidate.js[0m) [31mrunning validator oauth[0m
2024-11-26 11:12:08.928 +0530 [debug] ([34mvalidate.js[0m) [31mskipping validator pkgsize[0m
2024-11-26 11:12:08.928 +0530 [debug] ([34mvalidate.js[0m) [31mskipping validator schema[0m
2024-11-26 11:12:08.928 +0530 [debug] ([34mvalidate.js[0m) [31mrunning validator version-check[0m
2024-11-26 11:12:08.929 +0530 [info] Minor Node.js mistmatch. App was developed in 18.19.0 and is being run in v18.20.3.
2024-11-26 11:12:08.930 +0530 [info] Node.js version in manfiest is being updated to the current version.
2024-11-26 11:12:08.931 +0530 [debug] ([34mmanifest.js[0m) [31mReloading manifest with {"platform-version":"3.0","modules":{"common":{"requests":{"send_reminder_email":{},"close_ticket":{}}},"support_ticket":{"events":{"onTicketCreate":{"handler":"onTicketCreateHandler"},"onConversationCreate":{"handler":"onConversationCreateHandler"}}}},"engines":{"node":"18.20.3","fdk":"9.1.2"}}.[0m
2024-11-26 11:12:08.931 +0530 [debug] ([34mmanifest.js[0m) [31mInferred db,backend as features.[0m
2024-11-26 11:12:08.933 +0530 [debug] ([34mrequests.js[0m) [31mvalidating request template for "close_ticket"[0m
2024-11-26 11:12:08.933 +0530 [debug] ([34mrequest.js[0m) [31mChecking request template for multi-oauth app[0m
2024-11-26 11:12:08.933 +0530 [debug] ([34mrequest.js[0m) [31mChecking request template for multi-oauth app[0m
2024-11-26 11:12:08.934 +0530 [info] [32m✔[39m Validation Successful
2024-11-26 11:12:08.942 +0530 [debug] ([34mreport.js[0m) [31mGenerating hash for report.json file[0m
2024-11-26 11:12:23.828 +0530 [debug] ([34mconfigs.js[0m) [31mloaded default configs as "{"updates":{"manifest_url":"https://cdn.freshdev.io/assets/fdk/updates.json","period":24},"log":{"level":"info"},"javascript":{"ecma_version":2020},"request":{"timeout":15000},"global_apps":{"enabled":false},"easel":{"enabled":false}}"[0m
2024-11-26 11:12:23.830 +0530 [debug] ([34mfile.js[0m) [31mError while requiring /Users/dchatterjee/.fdk/configs.json: Cannot find module '/Users/dchatterjee/.fdk/configs.json'
Require stack:
- /Users/dchatterjee/.nvm/versions/node/v18.20.3/lib/node_modules/fdk/lib/utils/file.js
- /Users/dchatterjee/.nvm/versions/node/v18.20.3/lib/node_modules/fdk/lib/configs.js
- /Users/dchatterjee/.nvm/versions/node/v18.20.3/lib/node_modules/fdk/lib/logger.js
- /Users/dchatterjee/.nvm/versions/node/v18.20.3/lib/node_modules/fdk/index.js[0m
2024-11-26 11:12:23.830 +0530 [debug] ([34mconfigs.js[0m) [31mloaded global configs as "{}"[0m
2024-11-26 11:12:23.831 +0530 [debug] ([34mconfigs.js[0m) [31mloaded local configs as "{"request":{"timeout":15000},"global_apps":{"enabled":"true"}}"[0m
2024-11-26 11:12:23.831 +0530 [debug] ([34mconfigs.js[0m) [31mloaded env configs as "{"updates":{},"log":{},"javascript":{},"request":{"timeout":15000}}"[0m
2024-11-26 11:12:23.831 +0530 [debug] ([34mconfigs.js[0m) [31mloaded resolved configs as "{"updates":{"manifest_url":"https://cdn.freshdev.io/assets/fdk/updates.json","period":24},"log":{"level":"info"},"javascript":{"ecma_version":2020},"request":{"timeout":15000},"global_apps":{"enabled":"true"},"easel":{"enabled":false}}"[0m
2024-11-26 11:12:23.831 +0530 [debug] ([34mlogger.js[0m) [31mStarting FDK in node v18.20.3 on darwin[0m
2024-11-26 11:12:23.831 +0530 [debug] ([34msequelize.js[0m) [31msetting up sqilite at "/Users/dchatterjee/workflow-serverless/.fdk/store.sqlite"[0m
2024-11-26 11:12:23.831 +0530 [debug] ([34mdata.js[0m) [31mRead {"version_details":{"cli":{"deprecated":{"version":"<9","message":"This FDK version has been deprecated. There will be no further feature updates to this version. For a seamless app-building experience, ensure to move to the latest FDK version. For more information, see https://developers.freshworks.com/docs/app-sdk/v2.3/freshdesk/migration-guide/#migrate-to-the-latest-platform-version."},"forced":{"version":"7.0.0","command":"npm install https://dl.freshdev.io/cli/fdk-7.0.0.tgz -g","message":"Your FDK version has been forced updated to v7.0.0, please visit https://community.developers.freshworks.com/t/fdk-v7-0-announcing-node-js-v12-and-es6-support/3606 to know more"},"latest":{"version":"9.2.1","command":"npm install https://cdn.freshdev.io/fdk/latest.tgz -g","message":"You are on the latest FDK version. For information on the features available as part of this FDK version, see https://developers.freshworks.com/docs/?tab=modules."}},"addon":{"version":"2.0.7","url":"https://cdn.freshdev.io/assets/fdk/addons/addon.zip"}},"last_updated":{"time_stamp":1732553507357}}[0m
2024-11-26 11:12:23.831 +0530 [debug] ([34mupdater.js[0m) [31mlast check less than 24 hours ago, not looking for updates[0m
2024-11-26 11:12:23.835 +0530 [debug] ([34mindex.js[0m) [31mrunning with opts {}[0m
2024-11-26 11:12:24.119 +0530 [debug] ([34mdata.js[0m) [31mRead {"version_details":{"cli":{"deprecated":{"version":"<9","message":"This FDK version has been deprecated. There will be no further feature updates to this version. For a seamless app-building experience, ensure to move to the latest FDK version. For more information, see https://developers.freshworks.com/docs/app-sdk/v2.3/freshdesk/migration-guide/#migrate-to-the-latest-platform-version."},"forced":{"version":"7.0.0","command":"npm install https://dl.freshdev.io/cli/fdk-7.0.0.tgz -g","message":"Your FDK version has been forced updated to v7.0.0, please visit https://community.developers.freshworks.com/t/fdk-v7-0-announcing-node-js-v12-and-es6-support/3606 to know more"},"latest":{"version":"9.2.1","command":"npm install https://cdn.freshdev.io/fdk/latest.tgz -g","message":"You are on the latest FDK version. For information on the features available as part of this FDK version, see https://developers.freshworks.com/docs/?tab=modules."}},"addon":{"version":"2.0.7","url":"https://cdn.freshdev.io/assets/fdk/addons/addon.zip"}},"last_updated":{"time_stamp":1732553507357}}[0m
2024-11-26 11:12:24.121 +0530 [debug] ([34mmanifest.js[0m) [31mReloading manifest with {"platform-version":"3.0","modules":{"common":{"requests":{"send_reminder_email":{},"close_ticket":{}}},"support_ticket":{"events":{"onTicketCreate":{"handler":"onTicketCreateHandler"},"onConversationCreate":{"handler":"onConversationCreateHandler"}}}},"engines":{"node":"18.20.3","fdk":"9.1.2"}}.[0m
2024-11-26 11:12:24.121 +0530 [debug] ([34mmanifest.js[0m) [31mInferred db,backend as features.[0m
2024-11-26 11:12:24.135 +0530 [debug] ([34mdata.js[0m) [31mRead {"version_details":{"cli":{"deprecated":{"version":"<9","message":"This FDK version has been deprecated. There will be no further feature updates to this version. For a seamless app-building experience, ensure to move to the latest FDK version. For more information, see https://developers.freshworks.com/docs/app-sdk/v2.3/freshdesk/migration-guide/#migrate-to-the-latest-platform-version."},"forced":{"version":"7.0.0","command":"npm install https://dl.freshdev.io/cli/fdk-7.0.0.tgz -g","message":"Your FDK version has been forced updated to v7.0.0, please visit https://community.developers.freshworks.com/t/fdk-v7-0-announcing-node-js-v12-and-es6-support/3606 to know more"},"latest":{"version":"9.2.1","command":"npm install https://cdn.freshdev.io/fdk/latest.tgz -g","message":"You are on the latest FDK version. For information on the features available as part of this FDK version, see https://developers.freshworks.com/docs/?tab=modules."}},"addon":{"version":"2.0.7","url":"https://cdn.freshdev.io/assets/fdk/addons/addon.zip"}},"last_updated":{"time_stamp":1732553507357}}[0m
2024-11-26 11:12:24.913 +0530 [debug] ([34mdata.js[0m) [31mRead {"version_details":{"cli":{"deprecated":{"version":"<9","message":"This FDK version has been deprecated. There will be no further feature updates to this version. For a seamless app-building experience, ensure to move to the latest FDK version. For more information, see https://developers.freshworks.com/docs/app-sdk/v2.3/freshdesk/migration-guide/#migrate-to-the-latest-platform-version."},"forced":{"version":"7.0.0","command":"npm install https://dl.freshdev.io/cli/fdk-7.0.0.tgz -g","message":"Your FDK version has been forced updated to v7.0.0, please visit https://community.developers.freshworks.com/t/fdk-v7-0-announcing-node-js-v12-and-es6-support/3606 to know more"},"latest":{"version":"9.2.1","command":"npm install https://cdn.freshdev.io/fdk/latest.tgz -g","message":"You are on the latest FDK version. For information on the features available as part of this FDK version, see https://developers.freshworks.com/docs/?tab=modules."}},"addon":{"version":"2.0.7","url":"https://cdn.freshdev.io/assets/fdk/addons/addon.zip"}},"last_updated":{"time_stamp":1732553507357}}[0m
2024-11-26 11:12:25.606 +0530 [debug] ([34mvalidate.js[0m) [31masked to skip the following validations, [0m
2024-11-26 11:12:25.607 +0530 [debug] ([34mvalidate.js[0m) [31mrunning validator actions[0m
2024-11-26 11:12:25.607 +0530 [debug] ([34mvalidate.js[0m) [31mrunning validator requests[0m
2024-11-26 11:12:25.607 +0530 [debug] ([34mrequests.js[0m) [31mvalidating request template for "send_reminder_email"[0m
2024-11-26 11:12:25.607 +0530 [debug] ([34mvalidate.js[0m) [31mrunning validator app-dir[0m
2024-11-26 11:12:25.608 +0530 [debug] ([34mvalidate.js[0m) [31mrunning validator config-dir[0m
2024-11-26 11:12:25.608 +0530 [debug] ([34mconfig-dir.js[0m) [31mChecking to see if /Users/dchatterjee/workflow-serverless/config/ exists.[0m
2024-11-26 11:12:25.608 +0530 [debug] ([34mconfig-dir.js[0m) [31mFetched the following config files iparams.json,requests.json[0m
2024-11-26 11:12:25.608 +0530 [debug] ([34mvalidate.js[0m) [31mrunning validator root-dir[0m
2024-11-26 11:12:25.609 +0530 [debug] ([34mvalidate.js[0m) [31mrunning validator custom-objects[0m
2024-11-26 11:12:25.609 +0530 [debug] ([34mvalidate.js[0m) [31mrunning validator event[0m
2024-11-26 11:12:25.619 +0530 [debug] ([34mevent.js[0m) [31mFound ["onTicketCreateHandler","onConversationCreateHandler","reminderFunction"] as exported functions.[0m
2024-11-26 11:12:25.620 +0530 [debug] ([34mvalidate.js[0m) [31mrunning validator iparam[0m
2024-11-26 11:12:25.622 +0530 [debug] ([34mvalidate.js[0m) [31mrunning validator lint[0m
2024-11-26 11:12:25.622 +0530 [debug] ([34mlint.js[0m) [31mpassed fix flag: undefined[0m
2024-11-26 11:12:25.623 +0530 [debug] ([34mlint.js[0m) [31mRunning the following lints on the file server/server.js : no-caller,no-process-env,complexity,max-nested-callbacks,handle-callback-err,no-eval,no-alert,no-debugger,no-unreachable,no-unpkg-cdn,no-unhandled-promise,no-logging-rejections,no-non-client-request-model,no-deprecated-apis,no-proxy-requests,no-dependency-mismatch,no-empty-function,no-unused-vars[0m
2024-11-26 11:12:25.655 +0530 [debug] ([34mvalidate.js[0m) [31mrunning validator manifest[0m
2024-11-26 11:12:25.655 +0530 [debug] ([34mvalidate.js[0m) [31mskipping validator manifest-dependency[0m
2024-11-26 11:12:25.655 +0530 [debug] ([34mvalidate.js[0m) [31mrunning validator oauth[0m
2024-11-26 11:12:25.655 +0530 [debug] ([34mvalidate.js[0m) [31mskipping validator pkgsize[0m
2024-11-26 11:12:25.655 +0530 [debug] ([34mvalidate.js[0m) [31mrunning validator schema[0m
2024-11-26 11:12:25.655 +0530 [debug] ([34mvalidate.js[0m) [31mrunning validator version-check[0m
2024-11-26 11:12:25.657 +0530 [debug] ([34mrequests.js[0m) [31mvalidating request template for "close_ticket"[0m
2024-11-26 11:12:25.657 +0530 [debug] ([34mrequest.js[0m) [31mChecking request template for multi-oauth app[0m
2024-11-26 11:12:25.657 +0530 [debug] ([34mrequest.js[0m) [31mChecking request template for multi-oauth app[0m
2024-11-26 11:12:25.658 +0530 [debug] ([34mwatcher.js[0m) [31mPreparing to watch the following files ./config,./manifest.json[0m
2024-11-26 11:12:25.662 +0530 [debug] ([34minstall.js[0m) [31mdependency installer called with {}[0m
2024-11-26 11:12:25.662 +0530 [debug] ([34mdata.js[0m) [31mRead {"report_hash":"625aaf5649652741dee6152a35b6daa1d51776ec4a2b67a8d38ce9d5a1b88408"}[0m
2024-11-26 11:12:25.662 +0530 [debug] ([34mcustom-objects.js[0m) [31mto force or not? undefined[0m
2024-11-26 11:12:25.662 +0530 [debug] ([34mcustom-objects.js[0m) [31mbeginning to re-sync db[0m
2024-11-26 11:12:25.787 +0530 [debug] ([34mindex.js[0m) [31mloading model at "/Users/dchatterjee/.nvm/versions/node/v18.20.3/lib/node_modules/fdk/lib/models/bigint-pivot.js"[0m
2024-11-26 11:12:25.789 +0530 [debug] ([34mindex.js[0m) [31mloading model at "/Users/dchatterjee/.nvm/versions/node/v18.20.3/lib/node_modules/fdk/lib/models/entity-field-choice.js"[0m
2024-11-26 11:12:25.790 +0530 [debug] ([34mindex.js[0m) [31mloading model at "/Users/dchatterjee/.nvm/versions/node/v18.20.3/lib/node_modules/fdk/lib/models/entity-field.js"[0m
2024-11-26 11:12:25.792 +0530 [debug] ([34mindex.js[0m) [31mloading model at "/Users/dchatterjee/.nvm/versions/node/v18.20.3/lib/node_modules/fdk/lib/models/entity.js"[0m
2024-11-26 11:12:25.793 +0530 [debug] ([34mindex.js[0m) [31mloading model at "/Users/dchatterjee/.nvm/versions/node/v18.20.3/lib/node_modules/fdk/lib/models/record.js"[0m
2024-11-26 11:12:25.795 +0530 [debug] ([34mindex.js[0m) [31mloading model at "/Users/dchatterjee/.nvm/versions/node/v18.20.3/lib/node_modules/fdk/lib/models/string-pivot.js"[0m
2024-11-26 11:12:25.810 +0530 [debug] ([34mdata.js[0m) [31mRead {"report_hash":"625aaf5649652741dee6152a35b6daa1d51776ec4a2b67a8d38ce9d5a1b88408"}[0m
2024-11-26 11:12:25.810 +0530 [debug] ([34mcustom-objects.js[0m) [31mupdated local store with latest entity hash[0m
2024-11-26 11:12:25.811 +0530 [info] Starting local testing server at http://*:10001/    
Append 'dev=true' to your current host URL to start testing    
     
e.g:     
2024-11-26 11:12:25.811 +0530 [info]   https://domain.freshdesk.com/a/tickets/1?dev=true
2024-11-26 11:12:25.811 +0530 [info] 
Quit the server with Control-C.
2024-11-26 11:12:25.812 +0530 [info] 
To test the installation page, visit - http://localhost:10001/custom_configs
2024-11-26 11:12:25.812 +0530 [info] 
To simulate product, app setup, and external events, visit - http://localhost:10001/web/test
2024-11-26 11:12:25.812 +0530 [info] Populating test data with events found in the app
